2025-03-10T18:57:30.688+05:30  INFO 8076 --- [Diyosinfotech] [restartedMain] c.d.DiyosinfotechApplication             : Starting DiyosinfotechApplication using Java 17.0.9 with PID 8076 (D:\Tata_Intern\Spring_project\Diyosinfotech\target\classes started by Pavan in D:\Tata_Intern\Spring_project\Diyosinfotech)
2025-03-10T18:57:30.688+05:30  INFO 8076 --- [Diyosinfotech] [restartedMain] c.d.DiyosinfotechApplication             : The following 1 profile is active: "dev"
2025-03-10T18:57:30.854+05:30  INFO 8076 --- [Diyosinfotech] [restartedMain] .s.d.r.c.RepositoryConfigurationDelegate : Bootstrapping Spring Data JPA repositories in DEFAULT mode.
2025-03-10T18:57:30.869+05:30  INFO 8076 --- [Diyosinfotech] [restartedMain] .s.d.r.c.RepositoryConfigurationDelegate : Finished Spring Data repository scanning in 12 ms. Found 2 JPA repository interfaces.
2025-03-10T18:57:30.965+05:30  INFO 8076 --- [Diyosinfotech] [restartedMain] o.s.b.w.embedded.tomcat.TomcatWebServer  : Tomcat initialized with port 8080 (http)
2025-03-10T18:57:30.966+05:30  INFO 8076 --- [Diyosinfotech] [restartedMain] o.apache.catalina.core.StandardService   : Starting service [Tomcat]
2025-03-10T18:57:30.966+05:30  INFO 8076 --- [Diyosinfotech] [restartedMain] o.apache.catalina.core.StandardEngine    : Starting Servlet engine: [Apache Tomcat/10.1.36]
2025-03-10T18:57:30.989+05:30  INFO 8076 --- [Diyosinfotech] [restartedMain] o.a.c.c.C.[Tomcat].[localhost].[/]       : Initializing Spring embedded WebApplicationContext
2025-03-10T18:57:30.989+05:30  INFO 8076 --- [Diyosinfotech] [restartedMain] w.s.c.ServletWebServerApplicationContext : Root WebApplicationContext: initialization completed in 298 ms
2025-03-10T18:57:31.035+05:30  INFO 8076 --- [Diyosinfotech] [restartedMain] o.hibernate.jpa.internal.util.LogHelper  : HHH000204: Processing PersistenceUnitInfo [name: default]
2025-03-10T18:57:31.037+05:30  INFO 8076 --- [Diyosinfotech] [restartedMain] o.h.c.internal.RegionFactoryInitiator    : HHH000026: Second-level cache disabled
2025-03-10T18:57:31.051+05:30  INFO 8076 --- [Diyosinfotech] [restartedMain] o.s.o.j.p.SpringPersistenceUnitInfo      : No LoadTimeWeaver setup: ignoring JPA class transformer
2025-03-10T18:57:31.053+05:30  INFO 8076 --- [Diyosinfotech] [restartedMain] com.zaxxer.hikari.HikariDataSource       : HikariPool-7 - Starting...
2025-03-10T18:57:31.068+05:30  INFO 8076 --- [Diyosinfotech] [restartedMain] com.zaxxer.hikari.pool.HikariPool        : HikariPool-7 - Added connection com.mysql.cj.jdbc.ConnectionImpl@82ac37f
2025-03-10T18:57:31.068+05:30  INFO 8076 --- [Diyosinfotech] [restartedMain] com.zaxxer.hikari.HikariDataSource       : HikariPool-7 - Start completed.
2025-03-10T18:57:31.069+05:30  WARN 8076 --- [Diyosinfotech] [restartedMain] org.hibernate.orm.deprecation            : HHH90000025: MySQLDialect does not need to be specified explicitly using 'hibernate.dialect' (remove the property setting and it will be selected by default)
2025-03-10T18:57:31.128+05:30  INFO 8076 --- [Diyosinfotech] [restartedMain] o.h.e.t.j.p.i.JtaPlatformInitiator       : HHH000489: No JTA platform available (set 'hibernate.transaction.jta.platform' to enable JTA platform integration)
2025-03-10T18:57:31.135+05:30  INFO 8076 --- [Diyosinfotech] [restartedMain] j.LocalContainerEntityManagerFactoryBean : Initialized JPA EntityManagerFactory for persistence unit 'default'
2025-03-10T18:57:31.220+05:30  INFO 8076 --- [Diyosinfotech] [restartedMain] eAuthenticationProviderManagerConfigurer : Global AuthenticationManager configured with AuthenticationProvider bean with name authenticationProvider
2025-03-10T18:57:31.221+05:30  WARN 8076 --- [Diyosinfotech] [restartedMain] r$InitializeUserDetailsManagerConfigurer : Global AuthenticationManager configured with an AuthenticationProvider bean. UserDetailsService beans will not be used by Spring Security for automatically configuring username/password login. Consider removing the AuthenticationProvider bean. Alternatively, consider using the UserDetailsService in a manually instantiated DaoAuthenticationProvider. If the current configuration is intentional, to turn off this warning, increase the logging level of 'org.springframework.security.config.annotation.authentication.configuration.InitializeUserDetailsBeanManagerConfigurer' to ERROR
2025-03-10T18:57:31.337+05:30  INFO 8076 --- [Diyosinfotech] [restartedMain] o.s.b.d.a.OptionalLiveReloadServer       : LiveReload server is running on port 35729
2025-03-10T18:57:31.350+05:30  INFO 8076 --- [Diyosinfotech] [restartedMain] o.s.b.w.embedded.tomcat.TomcatWebServer  : Tomcat started on port 8080 (http) with context path '/'
2025-03-10T18:57:31.356+05:30  INFO 8076 --- [Diyosinfotech] [restartedMain] c.d.DiyosinfotechApplication             : Started DiyosinfotechApplication in 0.692 seconds (process running for 359.247)
2025-03-10T18:57:31.357+05:30  INFO 8076 --- [Diyosinfotech] [restartedMain] .ConditionEvaluationDeltaLoggingListener : Condition evaluation unchanged
2025-03-10T18:58:25.988+05:30  INFO 8076 --- [Diyosinfotech] [RMI TCP Connection(10)-127.0.0.1] inMXBeanRegistrar$SpringApplicationAdmin : Application shutdown requested.
2025-03-10T18:58:25.989+05:30  INFO 8076 --- [Diyosinfotech] [RMI TCP Connection(10)-127.0.0.1] o.s.b.w.e.tomcat.GracefulShutdown        : Commencing graceful shutdown. Waiting for active requests to complete
2025-03-10T18:58:26.463+05:30  INFO 8076 --- [Diyosinfotech] [tomcat-shutdown] o.s.b.w.e.tomcat.GracefulShutdown        : Graceful shutdown complete
2025-03-10T18:58:26.465+05:30  INFO 8076 --- [Diyosinfotech] [RMI TCP Connection(10)-127.0.0.1] j.LocalContainerEntityManagerFactoryBean : Closing JPA EntityManagerFactory for persistence unit 'default'
2025-03-10T18:58:26.466+05:30  INFO 8076 --- [Diyosinfotech] [RMI TCP Connection(10)-127.0.0.1] com.zaxxer.hikari.HikariDataSource       : HikariPool-7 - Shutdown initiated...
2025-03-10T18:58:26.471+05:30  INFO 8076 --- [Diyosinfotech] [RMI TCP Connection(10)-127.0.0.1] com.zaxxer.hikari.HikariDataSource       : HikariPool-7 - Shutdown completed.
2025-03-10T18:58:37.747+05:30  INFO 3564 --- [Diyosinfotech] [restartedMain] c.d.DiyosinfotechApplication             : Starting DiyosinfotechApplication using Java 17.0.9 with PID 3564 (D:\Tata_Intern\Spring_project\Diyosinfotech\target\classes started by Pavan in D:\Tata_Intern\Spring_project\Diyosinfotech)
2025-03-10T18:58:37.751+05:30  INFO 3564 --- [Diyosinfotech] [restartedMain] c.d.DiyosinfotechApplication             : The following 1 profile is active: "dev"
2025-03-10T18:58:37.830+05:30  INFO 3564 --- [Diyosinfotech] [restartedMain] .e.DevToolsPropertyDefaultsPostProcessor : Devtools property defaults active! Set 'spring.devtools.add-properties' to 'false' to disable
2025-03-10T18:58:37.831+05:30  INFO 3564 --- [Diyosinfotech] [restartedMain] .e.DevToolsPropertyDefaultsPostProcessor : For additional web related logging consider setting the 'logging.level.web' property to 'DEBUG'
2025-03-10T18:58:38.723+05:30  INFO 3564 --- [Diyosinfotech] [restartedMain] .s.d.r.c.RepositoryConfigurationDelegate : Bootstrapping Spring Data JPA repositories in DEFAULT mode.
2025-03-10T18:58:38.803+05:30  INFO 3564 --- [Diyosinfotech] [restartedMain] .s.d.r.c.RepositoryConfigurationDelegate : Finished Spring Data repository scanning in 67 ms. Found 2 JPA repository interfaces.
2025-03-10T18:58:39.514+05:30  INFO 3564 --- [Diyosinfotech] [restartedMain] o.s.b.w.embedded.tomcat.TomcatWebServer  : Tomcat initialized with port 8080 (http)
2025-03-10T18:58:39.531+05:30  INFO 3564 --- [Diyosinfotech] [restartedMain] o.apache.catalina.core.StandardService   : Starting service [Tomcat]
2025-03-10T18:58:39.532+05:30  INFO 3564 --- [Diyosinfotech] [restartedMain] o.apache.catalina.core.StandardEngine    : Starting Servlet engine: [Apache Tomcat/10.1.36]
2025-03-10T18:58:39.617+05:30  INFO 3564 --- [Diyosinfotech] [restartedMain] o.a.c.c.C.[Tomcat].[localhost].[/]       : Initializing Spring embedded WebApplicationContext
2025-03-10T18:58:39.617+05:30  INFO 3564 --- [Diyosinfotech] [restartedMain] w.s.c.ServletWebServerApplicationContext : Root WebApplicationContext: initialization completed in 1783 ms
2025-03-10T18:58:39.793+05:30  INFO 3564 --- [Diyosinfotech] [restartedMain] o.hibernate.jpa.internal.util.LogHelper  : HHH000204: Processing PersistenceUnitInfo [name: default]
2025-03-10T18:58:39.854+05:30  INFO 3564 --- [Diyosinfotech] [restartedMain] org.hibernate.Version                    : HHH000412: Hibernate ORM core version 6.6.8.Final
2025-03-10T18:58:39.900+05:30  INFO 3564 --- [Diyosinfotech] [restartedMain] o.h.c.internal.RegionFactoryInitiator    : HHH000026: Second-level cache disabled
2025-03-10T18:58:40.192+05:30  INFO 3564 --- [Diyosinfotech] [restartedMain] o.s.o.j.p.SpringPersistenceUnitInfo      : No LoadTimeWeaver setup: ignoring JPA class transformer
2025-03-10T18:58:40.230+05:30  INFO 3564 --- [Diyosinfotech] [restartedMain] com.zaxxer.hikari.HikariDataSource       : HikariPool-1 - Starting...
2025-03-10T18:58:40.579+05:30  INFO 3564 --- [Diyosinfotech] [restartedMain] com.zaxxer.hikari.pool.HikariPool        : HikariPool-1 - Added connection com.mysql.cj.jdbc.ConnectionImpl@597c173
2025-03-10T18:58:40.584+05:30  INFO 3564 --- [Diyosinfotech] [restartedMain] com.zaxxer.hikari.HikariDataSource       : HikariPool-1 - Start completed.
2025-03-10T18:58:40.654+05:30  WARN 3564 --- [Diyosinfotech] [restartedMain] org.hibernate.orm.deprecation            : HHH90000025: MySQLDialect does not need to be specified explicitly using 'hibernate.dialect' (remove the property setting and it will be selected by default)
2025-03-10T18:58:41.696+05:30  INFO 3564 --- [Diyosinfotech] [restartedMain] o.h.e.t.j.p.i.JtaPlatformInitiator       : HHH000489: No JTA platform available (set 'hibernate.transaction.jta.platform' to enable JTA platform integration)
2025-03-10T18:58:41.749+05:30  INFO 3564 --- [Diyosinfotech] [restartedMain] j.LocalContainerEntityManagerFactoryBean : Initialized JPA EntityManagerFactory for persistence unit 'default'
2025-03-10T18:58:42.251+05:30  INFO 3564 --- [Diyosinfotech] [restartedMain] eAuthenticationProviderManagerConfigurer : Global AuthenticationManager configured with AuthenticationProvider bean with name authenticationProvider
2025-03-10T18:58:42.252+05:30  WARN 3564 --- [Diyosinfotech] [restartedMain] r$InitializeUserDetailsManagerConfigurer : Global AuthenticationManager configured with an AuthenticationProvider bean. UserDetailsService beans will not be used by Spring Security for automatically configuring username/password login. Consider removing the AuthenticationProvider bean. Alternatively, consider using the UserDetailsService in a manually instantiated DaoAuthenticationProvider. If the current configuration is intentional, to turn off this warning, increase the logging level of 'org.springframework.security.config.annotation.authentication.configuration.InitializeUserDetailsBeanManagerConfigurer' to ERROR
2025-03-10T18:58:42.711+05:30  INFO 3564 --- [Diyosinfotech] [restartedMain] o.s.b.d.a.OptionalLiveReloadServer       : LiveReload server is running on port 35729
2025-03-10T18:58:42.771+05:30  INFO 3564 --- [Diyosinfotech] [restartedMain] o.s.b.w.embedded.tomcat.TomcatWebServer  : Tomcat started on port 8080 (http) with context path '/'
2025-03-10T18:58:42.786+05:30  INFO 3564 --- [Diyosinfotech] [restartedMain] c.d.DiyosinfotechApplication             : Started DiyosinfotechApplication in 5.58 seconds (process running for 6.533)
2025-03-10T18:59:02.603+05:30  INFO 3564 --- [Diyosinfotech] [RMI TCP Connection(2)-127.0.0.1] inMXBeanRegistrar$SpringApplicationAdmin : Application shutdown requested.
2025-03-10T18:59:02.606+05:30  INFO 3564 --- [Diyosinfotech] [RMI TCP Connection(2)-127.0.0.1] o.s.b.w.e.tomcat.GracefulShutdown        : Commencing graceful shutdown. Waiting for active requests to complete
2025-03-10T18:59:03.114+05:30  INFO 3564 --- [Diyosinfotech] [tomcat-shutdown] o.s.b.w.e.tomcat.GracefulShutdown        : Graceful shutdown complete
2025-03-10T18:59:03.119+05:30  INFO 3564 --- [Diyosinfotech] [RMI TCP Connection(2)-127.0.0.1] j.LocalContainerEntityManagerFactoryBean : Closing JPA EntityManagerFactory for persistence unit 'default'
2025-03-10T18:59:03.124+05:30  INFO 3564 --- [Diyosinfotech] [RMI TCP Connection(2)-127.0.0.1] com.zaxxer.hikari.HikariDataSource       : HikariPool-1 - Shutdown initiated...
2025-03-10T18:59:03.135+05:30  INFO 3564 --- [Diyosinfotech] [RMI TCP Connection(2)-127.0.0.1] com.zaxxer.hikari.HikariDataSource       : HikariPool-1 - Shutdown completed.
2025-03-10T19:00:20.892+05:30  INFO 12156 --- [Diyosinfotech] [restartedMain] c.d.DiyosinfotechApplication             : Starting DiyosinfotechApplication using Java 17.0.9 with PID 12156 (D:\Tata_Intern\Spring_project\Diyosinfotech\target\classes started by Pavan in D:\Tata_Intern\Spring_project\Diyosinfotech)
2025-03-10T19:00:20.898+05:30  INFO 12156 --- [Diyosinfotech] [restartedMain] c.d.DiyosinfotechApplication             : The following 1 profile is active: "dev"
2025-03-10T19:00:20.980+05:30  INFO 12156 --- [Diyosinfotech] [restartedMain] .e.DevToolsPropertyDefaultsPostProcessor : Devtools property defaults active! Set 'spring.devtools.add-properties' to 'false' to disable
2025-03-10T19:00:20.981+05:30  INFO 12156 --- [Diyosinfotech] [restartedMain] .e.DevToolsPropertyDefaultsPostProcessor : For additional web related logging consider setting the 'logging.level.web' property to 'DEBUG'
2025-03-10T19:00:21.898+05:30  INFO 12156 --- [Diyosinfotech] [restartedMain] .s.d.r.c.RepositoryConfigurationDelegate : Bootstrapping Spring Data JPA repositories in DEFAULT mode.
2025-03-10T19:00:21.981+05:30  INFO 12156 --- [Diyosinfotech] [restartedMain] .s.d.r.c.RepositoryConfigurationDelegate : Finished Spring Data repository scanning in 69 ms. Found 2 JPA repository interfaces.
2025-03-10T19:00:22.715+05:30  INFO 12156 --- [Diyosinfotech] [restartedMain] o.s.b.w.embedded.tomcat.TomcatWebServer  : Tomcat initialized with port 8080 (http)
2025-03-10T19:00:22.734+05:30  INFO 12156 --- [Diyosinfotech] [restartedMain] o.apache.catalina.core.StandardService   : Starting service [Tomcat]
2025-03-10T19:00:22.734+05:30  INFO 12156 --- [Diyosinfotech] [restartedMain] o.apache.catalina.core.StandardEngine    : Starting Servlet engine: [Apache Tomcat/10.1.36]
2025-03-10T19:00:22.813+05:30  INFO 12156 --- [Diyosinfotech] [restartedMain] o.a.c.c.C.[Tomcat].[localhost].[/]       : Initializing Spring embedded WebApplicationContext
2025-03-10T19:00:22.814+05:30  INFO 12156 --- [Diyosinfotech] [restartedMain] w.s.c.ServletWebServerApplicationContext : Root WebApplicationContext: initialization completed in 1833 ms
2025-03-10T19:00:22.987+05:30  INFO 12156 --- [Diyosinfotech] [restartedMain] o.hibernate.jpa.internal.util.LogHelper  : HHH000204: Processing PersistenceUnitInfo [name: default]
2025-03-10T19:00:23.048+05:30  INFO 12156 --- [Diyosinfotech] [restartedMain] org.hibernate.Version                    : HHH000412: Hibernate ORM core version 6.6.8.Final
2025-03-10T19:00:23.094+05:30  INFO 12156 --- [Diyosinfotech] [restartedMain] o.h.c.internal.RegionFactoryInitiator    : HHH000026: Second-level cache disabled
2025-03-10T19:00:23.397+05:30  INFO 12156 --- [Diyosinfotech] [restartedMain] o.s.o.j.p.SpringPersistenceUnitInfo      : No LoadTimeWeaver setup: ignoring JPA class transformer
2025-03-10T19:00:23.439+05:30  INFO 12156 --- [Diyosinfotech] [restartedMain] com.zaxxer.hikari.HikariDataSource       : HikariPool-1 - Starting...
2025-03-10T19:00:23.779+05:30  INFO 12156 --- [Diyosinfotech] [restartedMain] com.zaxxer.hikari.pool.HikariPool        : HikariPool-1 - Added connection com.mysql.cj.jdbc.ConnectionImpl@562cf3f1
2025-03-10T19:00:23.781+05:30  INFO 12156 --- [Diyosinfotech] [restartedMain] com.zaxxer.hikari.HikariDataSource       : HikariPool-1 - Start completed.
2025-03-10T19:00:23.853+05:30  WARN 12156 --- [Diyosinfotech] [restartedMain] org.hibernate.orm.deprecation            : HHH90000025: MySQLDialect does not need to be specified explicitly using 'hibernate.dialect' (remove the property setting and it will be selected by default)
2025-03-10T19:00:24.889+05:30  INFO 12156 --- [Diyosinfotech] [restartedMain] o.h.e.t.j.p.i.JtaPlatformInitiator       : HHH000489: No JTA platform available (set 'hibernate.transaction.jta.platform' to enable JTA platform integration)
2025-03-10T19:00:24.942+05:30  INFO 12156 --- [Diyosinfotech] [restartedMain] j.LocalContainerEntityManagerFactoryBean : Initialized JPA EntityManagerFactory for persistence unit 'default'
2025-03-10T19:00:25.522+05:30  INFO 12156 --- [Diyosinfotech] [restartedMain] eAuthenticationProviderManagerConfigurer : Global AuthenticationManager configured with AuthenticationProvider bean with name authenticationProvider
2025-03-10T19:00:25.523+05:30  WARN 12156 --- [Diyosinfotech] [restartedMain] r$InitializeUserDetailsManagerConfigurer : Global AuthenticationManager configured with an AuthenticationProvider bean. UserDetailsService beans will not be used by Spring Security for automatically configuring username/password login. Consider removing the AuthenticationProvider bean. Alternatively, consider using the UserDetailsService in a manually instantiated DaoAuthenticationProvider. If the current configuration is intentional, to turn off this warning, increase the logging level of 'org.springframework.security.config.annotation.authentication.configuration.InitializeUserDetailsBeanManagerConfigurer' to ERROR
2025-03-10T19:00:26.020+05:30  INFO 12156 --- [Diyosinfotech] [restartedMain] o.s.b.d.a.OptionalLiveReloadServer       : LiveReload server is running on port 35729
2025-03-10T19:00:26.068+05:30  INFO 12156 --- [Diyosinfotech] [restartedMain] o.s.b.w.embedded.tomcat.TomcatWebServer  : Tomcat started on port 8080 (http) with context path '/'
2025-03-10T19:00:26.081+05:30  INFO 12156 --- [Diyosinfotech] [restartedMain] c.d.DiyosinfotechApplication             : Started DiyosinfotechApplication in 5.762 seconds (process running for 6.797)
2025-03-10T19:01:28.518+05:30  INFO 12156 --- [Diyosinfotech] [http-nio-8080-exec-2] o.a.c.c.C.[Tomcat].[localhost].[/]       : Initializing Spring DispatcherServlet 'dispatcherServlet'
2025-03-10T19:01:28.518+05:30  INFO 12156 --- [Diyosinfotech] [http-nio-8080-exec-2] o.s.web.servlet.DispatcherServlet        : Initializing Servlet 'dispatcherServlet'
2025-03-10T19:01:28.520+05:30  INFO 12156 --- [Diyosinfotech] [http-nio-8080-exec-2] o.s.web.servlet.DispatcherServlet        : Completed initialization in 2 ms
2025-03-10T19:01:29.084+05:30  WARN 12156 --- [Diyosinfotech] [http-nio-8080-exec-2] .m.m.a.ExceptionHandlerExceptionResolver : Resolved [org.springframework.security.authentication.BadCredentialsException: Bad credentials]
2025-03-10T19:17:52.755+05:30  INFO 12156 --- [Diyosinfotech] [RMI TCP Connection(21)-127.0.0.1] inMXBeanRegistrar$SpringApplicationAdmin : Application shutdown requested.
2025-03-10T19:17:52.758+05:30  INFO 12156 --- [Diyosinfotech] [RMI TCP Connection(21)-127.0.0.1] o.s.b.w.e.tomcat.GracefulShutdown        : Commencing graceful shutdown. Waiting for active requests to complete
2025-03-10T19:17:53.268+05:30  INFO 12156 --- [Diyosinfotech] [tomcat-shutdown] o.s.b.w.e.tomcat.GracefulShutdown        : Graceful shutdown complete
2025-03-10T19:17:53.273+05:30  INFO 12156 --- [Diyosinfotech] [RMI TCP Connection(21)-127.0.0.1] j.LocalContainerEntityManagerFactoryBean : Closing JPA EntityManagerFactory for persistence unit 'default'
2025-03-10T19:17:53.277+05:30  INFO 12156 --- [Diyosinfotech] [RMI TCP Connection(21)-127.0.0.1] com.zaxxer.hikari.HikariDataSource       : HikariPool-1 - Shutdown initiated...
2025-03-10T19:17:53.286+05:30  INFO 12156 --- [Diyosinfotech] [RMI TCP Connection(21)-127.0.0.1] com.zaxxer.hikari.HikariDataSource       : HikariPool-1 - Shutdown completed.
2025-03-10T19:29:12.321+05:30  INFO 14080 --- [Diyosinfotech] [restartedMain] c.d.DiyosinfotechApplication             : Starting DiyosinfotechApplication using Java 17.0.9 with PID 14080 (D:\Tata_Intern\Spring_project\Diyosinfotech\target\classes started by Pavan in D:\Tata_Intern\Spring_project\Diyosinfotech)
2025-03-10T19:29:12.325+05:30  INFO 14080 --- [Diyosinfotech] [restartedMain] c.d.DiyosinfotechApplication             : The following 1 profile is active: "dev"
2025-03-10T19:29:12.404+05:30  INFO 14080 --- [Diyosinfotech] [restartedMain] .e.DevToolsPropertyDefaultsPostProcessor : Devtools property defaults active! Set 'spring.devtools.add-properties' to 'false' to disable
2025-03-10T19:29:12.405+05:30  INFO 14080 --- [Diyosinfotech] [restartedMain] .e.DevToolsPropertyDefaultsPostProcessor : For additional web related logging consider setting the 'logging.level.web' property to 'DEBUG'
2025-03-10T19:29:13.424+05:30  INFO 14080 --- [Diyosinfotech] [restartedMain] .s.d.r.c.RepositoryConfigurationDelegate : Bootstrapping Spring Data JPA repositories in DEFAULT mode.
2025-03-10T19:29:13.518+05:30  INFO 14080 --- [Diyosinfotech] [restartedMain] .s.d.r.c.RepositoryConfigurationDelegate : Finished Spring Data repository scanning in 76 ms. Found 2 JPA repository interfaces.
2025-03-10T19:29:14.373+05:30  INFO 14080 --- [Diyosinfotech] [restartedMain] o.s.b.w.embedded.tomcat.TomcatWebServer  : Tomcat initialized with port 8080 (http)
2025-03-10T19:29:14.394+05:30  INFO 14080 --- [Diyosinfotech] [restartedMain] o.apache.catalina.core.StandardService   : Starting service [Tomcat]
2025-03-10T19:29:14.395+05:30  INFO 14080 --- [Diyosinfotech] [restartedMain] o.apache.catalina.core.StandardEngine    : Starting Servlet engine: [Apache Tomcat/10.1.36]
2025-03-10T19:29:14.482+05:30  INFO 14080 --- [Diyosinfotech] [restartedMain] o.a.c.c.C.[Tomcat].[localhost].[/]       : Initializing Spring embedded WebApplicationContext
2025-03-10T19:29:14.483+05:30  INFO 14080 --- [Diyosinfotech] [restartedMain] w.s.c.ServletWebServerApplicationContext : Root WebApplicationContext: initialization completed in 2077 ms
2025-03-10T19:29:14.677+05:30  INFO 14080 --- [Diyosinfotech] [restartedMain] o.hibernate.jpa.internal.util.LogHelper  : HHH000204: Processing PersistenceUnitInfo [name: default]
2025-03-10T19:29:14.766+05:30  INFO 14080 --- [Diyosinfotech] [restartedMain] org.hibernate.Version                    : HHH000412: Hibernate ORM core version 6.6.8.Final
2025-03-10T19:29:14.819+05:30  INFO 14080 --- [Diyosinfotech] [restartedMain] o.h.c.internal.RegionFactoryInitiator    : HHH000026: Second-level cache disabled
2025-03-10T19:29:15.185+05:30  INFO 14080 --- [Diyosinfotech] [restartedMain] o.s.o.j.p.SpringPersistenceUnitInfo      : No LoadTimeWeaver setup: ignoring JPA class transformer
2025-03-10T19:29:15.230+05:30  INFO 14080 --- [Diyosinfotech] [restartedMain] com.zaxxer.hikari.HikariDataSource       : HikariPool-1 - Starting...
2025-03-10T19:29:15.628+05:30  INFO 14080 --- [Diyosinfotech] [restartedMain] com.zaxxer.hikari.pool.HikariPool        : HikariPool-1 - Added connection com.mysql.cj.jdbc.ConnectionImpl@5674c12d
2025-03-10T19:29:15.631+05:30  INFO 14080 --- [Diyosinfotech] [restartedMain] com.zaxxer.hikari.HikariDataSource       : HikariPool-1 - Start completed.
2025-03-10T19:29:15.710+05:30  WARN 14080 --- [Diyosinfotech] [restartedMain] org.hibernate.orm.deprecation            : HHH90000025: MySQLDialect does not need to be specified explicitly using 'hibernate.dialect' (remove the property setting and it will be selected by default)
2025-03-10T19:29:16.916+05:30  INFO 14080 --- [Diyosinfotech] [restartedMain] o.h.e.t.j.p.i.JtaPlatformInitiator       : HHH000489: No JTA platform available (set 'hibernate.transaction.jta.platform' to enable JTA platform integration)
2025-03-10T19:29:16.992+05:30  INFO 14080 --- [Diyosinfotech] [restartedMain] j.LocalContainerEntityManagerFactoryBean : Initialized JPA EntityManagerFactory for persistence unit 'default'
2025-03-10T19:29:17.597+05:30  INFO 14080 --- [Diyosinfotech] [restartedMain] eAuthenticationProviderManagerConfigurer : Global AuthenticationManager configured with AuthenticationProvider bean with name authenticationProvider
2025-03-10T19:29:17.597+05:30  WARN 14080 --- [Diyosinfotech] [restartedMain] r$InitializeUserDetailsManagerConfigurer : Global AuthenticationManager configured with an AuthenticationProvider bean. UserDetailsService beans will not be used by Spring Security for automatically configuring username/password login. Consider removing the AuthenticationProvider bean. Alternatively, consider using the UserDetailsService in a manually instantiated DaoAuthenticationProvider. If the current configuration is intentional, to turn off this warning, increase the logging level of 'org.springframework.security.config.annotation.authentication.configuration.InitializeUserDetailsBeanManagerConfigurer' to ERROR
2025-03-10T19:29:18.138+05:30  INFO 14080 --- [Diyosinfotech] [restartedMain] o.s.b.d.a.OptionalLiveReloadServer       : LiveReload server is running on port 35729
2025-03-10T19:29:18.195+05:30  INFO 14080 --- [Diyosinfotech] [restartedMain] o.s.b.w.embedded.tomcat.TomcatWebServer  : Tomcat started on port 8080 (http) with context path '/'
2025-03-10T19:29:18.212+05:30  INFO 14080 --- [Diyosinfotech] [restartedMain] c.d.DiyosinfotechApplication             : Started DiyosinfotechApplication in 6.558 seconds (process running for 8.066)
2025-03-10T19:29:39.979+05:30  INFO 14080 --- [Diyosinfotech] [RMI TCP Connection(2)-127.0.0.1] inMXBeanRegistrar$SpringApplicationAdmin : Application shutdown requested.
2025-03-10T19:29:39.982+05:30  INFO 14080 --- [Diyosinfotech] [RMI TCP Connection(2)-127.0.0.1] o.s.b.w.e.tomcat.GracefulShutdown        : Commencing graceful shutdown. Waiting for active requests to complete
2025-03-10T19:29:40.556+05:30  INFO 14080 --- [Diyosinfotech] [tomcat-shutdown] o.s.b.w.e.tomcat.GracefulShutdown        : Graceful shutdown complete
2025-03-10T19:29:40.563+05:30  INFO 14080 --- [Diyosinfotech] [RMI TCP Connection(2)-127.0.0.1] j.LocalContainerEntityManagerFactoryBean : Closing JPA EntityManagerFactory for persistence unit 'default'
2025-03-10T19:29:40.566+05:30  INFO 14080 --- [Diyosinfotech] [RMI TCP Connection(2)-127.0.0.1] com.zaxxer.hikari.HikariDataSource       : HikariPool-1 - Shutdown initiated...
2025-03-10T19:29:40.579+05:30  INFO 14080 --- [Diyosinfotech] [RMI TCP Connection(2)-127.0.0.1] com.zaxxer.hikari.HikariDataSource       : HikariPool-1 - Shutdown completed.
